<?xml version="1.0" encoding="UTF-8"?>
<!-- Generated by org.testng.reporters.JUnitReportReporter -->
<testsuite skipped="1" hostname="Alexanders-MacBook-Pro.local" name="restAPITesting.restAssuredTest.basicTest" tests="2" failures="0" timestamp="30 Oct 2020 18:57:42 GMT" time="2.502" errors="0">
  <testcase name="addPet" time="2.502" classname="restAPITesting.restAssuredTest.basicTest"/>
  <testcase name="getPetByStatus" classname="restAPITesting.restAssuredTest.basicTest">
    <skipped/>
  </testcase> <!-- getPetByStatus -->
</testsuite> <!-- restAPITesting.restAssuredTest.basicTest -->
