<?xml version="1.0" encoding="UTF-8"?>
<!-- Generated by org.testng.reporters.JUnitReportReporter -->
<testsuite skipped="3" hostname="Alexanders-MacBook-Pro.local" name="restAPITesting.restAssuredTest.basicTest" tests="4" failures="0" timestamp="05 Nov 2020 18:02:17 GMT" time="2.427" errors="0">
  <testcase name="getPet" time="2.427" classname="restAPITesting.restAssuredTest.basicTest"/>
  <testcase name="userLogin" classname="restAPITesting.restAssuredTest.basicTest">
    <skipped/>
  </testcase> <!-- userLogin -->
  <testcase name="getPetByStatus" classname="restAPITesting.restAssuredTest.basicTest">
    <skipped/>
  </testcase> <!-- getPetByStatus -->
  <testcase name="addAndDeletePet" classname="restAPITesting.restAssuredTest.basicTest">
    <skipped/>
  </testcase> <!-- addAndDeletePet -->
</testsuite> <!-- restAPITesting.restAssuredTest.basicTest -->
