<?xml version="1.0" encoding="UTF-8"?>
<!-- Generated by org.testng.reporters.JUnitReportReporter -->
<testsuite skipped="5" hostname="Alexanders-MacBook-Pro.local" name="restAPITesting.restAssuredTest.basicTest" tests="6" failures="0" timestamp="12 Nov 2020 16:27:23 GMT" time="1.767" errors="0">
  <testcase name="getPetAsync" time="1.767" classname="restAPITesting.restAssuredTest.basicTest"/>
  <testcase name="userLogin" classname="restAPITesting.restAssuredTest.basicTest">
    <skipped/>
  </testcase> <!-- userLogin -->
  <testcase name="uploadImage" classname="restAPITesting.restAssuredTest.basicTest">
    <skipped/>
  </testcase> <!-- uploadImage -->
  <testcase name="getPet" classname="restAPITesting.restAssuredTest.basicTest">
    <skipped/>
  </testcase> <!-- getPet -->
  <testcase name="getPetByStatus" classname="restAPITesting.restAssuredTest.basicTest">
    <skipped/>
  </testcase> <!-- getPetByStatus -->
  <testcase name="addAndDeletePet" classname="restAPITesting.restAssuredTest.basicTest">
    <skipped/>
  </testcase> <!-- addAndDeletePet -->
</testsuite> <!-- restAPITesting.restAssuredTest.basicTest -->
